# JRE version: OpenJDK Runtime Environment (11.0.10) (build 11.0.10+0-b96-7249189)
# Java VM: OpenJDK 64-Bit Server VM (11.0.10+0-b96-7249189, mixed mode, tiered, compressed oops, g1 gc, linux-amd64)
Heap:
 garbage-first heap   total 516096K, used 153671K [0x0000000080000000, 0x0000000100000000)
  region size 1024K, 68 young (69632K), 21 survivors (21504K)
 Metaspace       used 107283K, capacity 110411K, committed 110548K, reserved 1144832K
  class space    used 13483K, capacity 14576K, committed 14668K, reserved 1048576K
GC Heap History (20 events):
Event: 21.143 GC heap before
{Heap before GC invocations=21 (full 0):
 garbage-first heap   total 516096K, used 353716K [0x0000000080000000, 0x0000000100000000)
  region size 1024K, 302 young (309248K), 15 survivors (15360K)
 Metaspace       used 57720K, capacity 59347K, committed 59596K, reserved 1101824K
  class space    used 7200K, capacity 7762K, committed 7884K, reserved 1048576K
}
Event: 21.148 GC heap after
{Heap after GC invocations=22 (full 0):
 garbage-first heap   total 516096K, used 62291K [0x0000000080000000, 0x0000000100000000)
  region size 1024K, 17 young (17408K), 17 survivors (17408K)
 Metaspace       used 57720K, capacity 59347K, committed 59596K, reserved 1101824K
  class space    used 7200K, capacity 7762K, committed 7884K, reserved 1048576K
}
Event: 21.416 GC heap before
{Heap before GC invocations=22 (full 0):
 garbage-first heap   total 516096K, used 353107K [0x0000000080000000, 0x0000000100000000)
  region size 1024K, 302 young (309248K), 17 survivors (17408K)
 Metaspace       used 57733K, capacity 59353K, committed 59596K, reserved 1101824K
  class space    used 7201K, capacity 7763K, committed 7884K, reserved 1048576K
}
Event: 21.422 GC heap after
{Heap after GC invocations=23 (full 0):
 garbage-first heap   total 516096K, used 60818K [0x0000000080000000, 0x0000000100000000)
  region size 1024K, 15 young (15360K), 15 survivors (15360K)
 Metaspace       used 57733K, capacity 59353K, committed 59596K, reserved 1101824K
  class space    used 7201K, capacity 7763K, committed 7884K, reserved 1048576K
}
Event: 21.731 GC heap before
{Heap before GC invocations=23 (full 0):
 garbage-first heap   total 516096K, used 355730K [0x0000000080000000, 0x0000000100000000)
  region size 1024K, 302 young (309248K), 15 survivors (15360K)
 Metaspace       used 57735K, capacity 59353K, committed 59596K, reserved 1101824K
  class space    used 7201K, capacity 7763K, committed 7884K, reserved 1048576K
}
Event: 21.742 GC heap after
{Heap after GC invocations=24 (full 0):
 garbage-first heap   total 516096K, used 59837K [0x0000000080000000, 0x0000000100000000)
  region size 1024K, 14 young (14336K), 14 survivors (14336K)
 Metaspace       used 57735K, capacity 59353K, committed 59596K, reserved 1101824K
  class space    used 7201K, capacity 7763K, committed 7884K, reserved 1048576K
}
Event: 22.115 GC heap before
{Heap before GC invocations=24 (full 0):
 garbage-first heap   total 516096K, used 358845K [0x0000000080000000, 0x0000000100000000)
  region size 1024K, 302 young (309248K), 14 survivors (14336K)
 Metaspace       used 57750K, capacity 59354K, committed 59596K, reserved 1101824K
  class space    used 7201K, capacity 7763K, committed 7884K, reserved 1048576K
}
Event: 22.120 GC heap after
{Heap after GC invocations=25 (full 0):
 garbage-first heap   total 516096K, used 62917K [0x0000000080000000, 0x0000000100000000)
  region size 1024K, 15 young (15360K), 15 survivors (15360K)
 Metaspace       used 57750K, capacity 59354K, committed 59596K, reserved 1101824K
  class space    used 7201K, capacity 7763K, committed 7884K, reserved 1048576K
}
Event: 22.563 GC heap before
{Heap before GC invocations=25 (full 0):
 garbage-first heap   total 516096K, used 355781K [0x0000000080000000, 0x0000000100000000)
  region size 1024K, 302 young (309248K), 15 survivors (15360K)
 Metaspace       used 57756K, capacity 59354K, committed 59596K, reserved 1101824K
  class space    used 7201K, capacity 7763K, committed 7884K, reserved 1048576K
}
Event: 22.569 GC heap after
{Heap after GC invocations=26 (full 0):
 garbage-first heap   total 516096K, used 64138K [0x0000000080000000, 0x0000000100000000)
  region size 1024K, 17 young (17408K), 17 survivors (17408K)
 Metaspace       used 57756K, capacity 59354K, committed 59596K, reserved 1101824K
  class space    used 7201K, capacity 7763K, committed 7884K, reserved 1048576K
}
Event: 24.613 GC heap before
{Heap before GC invocations=26 (full 0):
 garbage-first heap   total 516096K, used 331402K [0x0000000080000000, 0x0000000100000000)
  region size 1024K, 276 young (282624K), 17 survivors (17408K)
 Metaspace       used 69936K, capacity 71826K, committed 72020K, reserved 1112064K
  class space    used 8746K, capacity 9407K, committed 9420K, reserved 1048576K
}
Event: 24.625 GC heap after
{Heap after GC invocations=27 (full 0):
 garbage-first heap   total 516096K, used 74615K [0x0000000080000000, 0x0000000100000000)
  region size 1024K, 25 young (25600K), 25 survivors (25600K)
 Metaspace       used 69936K, capacity 71826K, committed 72020K, reserved 1112064K
  class space    used 8746K, capacity 9407K, committed 9420K, reserved 1048576K
}
Event: 33.099 GC heap before
{Heap before GC invocations=28 (full 0):
 garbage-first heap   total 516096K, used 359287K [0x0000000080000000, 0x0000000100000000)
  region size 1024K, 302 young (309248K), 25 survivors (25600K)
 Metaspace       used 82645K, capacity 84901K, committed 85076K, reserved 1122304K
  class space    used 10610K, capacity 11391K, committed 11468K, reserved 1048576K
}
Event: 33.123 GC heap after
{Heap after GC invocations=29 (full 0):
 garbage-first heap   total 516096K, used 86802K [0x0000000080000000, 0x0000000100000000)
  region size 1024K, 25 young (25600K), 25 survivors (25600K)
 Metaspace       used 82645K, capacity 84901K, committed 85076K, reserved 1122304K
  class space    used 10610K, capacity 11391K, committed 11468K, reserved 1048576K
}
Event: 36.669 GC heap before
{Heap before GC invocations=29 (full 0):
 garbage-first heap   total 516096K, used 371474K [0x0000000080000000, 0x0000000100000000)
  region size 1024K, 302 young (309248K), 25 survivors (25600K)
 Metaspace       used 96163K, capacity 98679K, committed 98772K, reserved 1134592K
  class space    used 12184K, capacity 13114K, committed 13132K, reserved 1048576K
}
Event: 36.689 GC heap after
{Heap after GC invocations=30 (full 0):
 garbage-first heap   total 516096K, used 98418K [0x0000000080000000, 0x0000000100000000)
  region size 1024K, 24 young (24576K), 24 survivors (24576K)
 Metaspace       used 96163K, capacity 98679K, committed 98772K, reserved 1134592K
  class space    used 12184K, capacity 13114K, committed 13132K, reserved 1048576K
}
Event: 38.617 GC heap before
{Heap before GC invocations=30 (full 0):
 garbage-first heap   total 516096K, used 385138K [0x0000000080000000, 0x0000000100000000)
  region size 1024K, 302 young (309248K), 24 survivors (24576K)
 Metaspace       used 97469K, capacity 100068K, committed 100180K, reserved 1136640K
  class space    used 12286K, capacity 13243K, committed 13260K, reserved 1048576K
}
Event: 38.626 GC heap after
{Heap after GC invocations=31 (full 0):
 garbage-first heap   total 516096K, used 104892K [0x0000000080000000, 0x0000000100000000)
  region size 1024K, 17 young (17408K), 17 survivors (17408K)
 Metaspace       used 97469K, capacity 100068K, committed 100180K, reserved 1136640K
  class space    used 12286K, capacity 13243K, committed 13260K, reserved 1048576K
}
Event: 3319.346 GC heap before
{Heap before GC invocations=31 (full 0):
 garbage-first heap   total 516096K, used 395708K [0x0000000080000000, 0x0000000100000000)
  region size 1024K, 302 young (309248K), 17 survivors (17408K)
 Metaspace       used 105452K, capacity 108505K, committed 108884K, reserved 1144832K
  class space    used 13308K, capacity 14416K, committed 14540K, reserved 1048576K
}
Event: 3319.367 GC heap after
{Heap after GC invocations=32 (full 0):
 garbage-first heap   total 516096K, used 107591K [0x0000000080000000, 0x0000000100000000)
  region size 1024K, 21 young (21504K), 21 survivors (21504K)
 Metaspace       used 105452K, capacity 108505K, committed 108884K, reserved 1144832K
  class space    used 13308K, capacity 14416K, committed 14540K, reserved 1048576K
}

